<?xml version="1.0" encoding="UTF-8"?>
<coverage generated="1511782633084" clover="3.2.0">
  <project timestamp="1511782633084" name="All files">
    <metrics statements="36" coveredstatements="20" conditionals="12" coveredconditionals="3" methods="16" coveredmethods="6" elements="64" coveredelements="29" complexity="0" loc="36" ncloc="36" packages="4" files="6" classes="6">
      <package name="src.app.cart.state">
        <metrics statements="6" coveredstatements="6" conditionals="0" coveredconditionals="0" methods="0" coveredmethods="0"/>
        <file name="ActionTypes.js" path="D:\react-training\react-workshop\src\app\cart\state\ActionTypes.js">
          <metrics statements="6" coveredstatements="6" conditionals="0" coveredconditionals="0" methods="0" coveredmethods="0"/>
          <line num="1" count="1" type="stmt"/>
          <line num="2" count="1" type="stmt"/>
          <line num="3" count="1" type="stmt"/>
          <line num="4" count="1" type="stmt"/>
          <line num="6" count="1" type="stmt"/>
          <line num="7" count="1" type="stmt"/>
        </file>
      </package>
      <package name="src.app.cart.state.reducers">
        <metrics statements="9" coveredstatements="2" conditionals="8" coveredconditionals="2" methods="3" coveredmethods="1"/>
        <file name="cartReducer.js" path="D:\react-training\react-workshop\src\app\cart\state\reducers\cartReducer.js">
          <metrics statements="9" coveredstatements="2" conditionals="8" coveredconditionals="2" methods="3" coveredmethods="1"/>
          <line num="5" count="2" type="cond" truecount="1" falsecount="4"/>
          <line num="7" count="0" type="stmt"/>
          <line num="10" count="0" type="stmt"/>
          <line num="13" count="0" type="stmt"/>
          <line num="16" count="0" type="stmt"/>
          <line num="17" count="0" type="cond" truecount="0" falsecount="2"/>
          <line num="18" count="0" type="stmt"/>
          <line num="20" count="0" type="stmt"/>
          <line num="26" count="2" type="stmt"/>
        </file>
      </package>
      <package name="src.app.components">
        <metrics statements="11" coveredstatements="6" conditionals="2" coveredconditionals="1" methods="8" coveredmethods="4"/>
        <file name="About.js" path="D:\react-training\react-workshop\src\app\components\About.js">
          <metrics statements="11" coveredstatements="6" conditionals="2" coveredconditionals="1" methods="8" coveredmethods="4"/>
          <line num="7" count="3" type="stmt"/>
          <line num="9" count="3" type="stmt"/>
          <line num="16" count="0" type="stmt"/>
          <line num="18" count="0" type="stmt"/>
          <line num="19" count="0" type="stmt"/>
          <line num="30" count="1" type="stmt"/>
          <line num="35" count="4" type="stmt"/>
          <line num="38" count="0" type="stmt"/>
          <line num="49" count="0" type="stmt"/>
          <line num="61" count="1" type="stmt"/>
          <line num="65" count="1" type="stmt"/>
        </file>
      </package>
      <package name="test-config">
        <metrics statements="10" coveredstatements="6" conditionals="2" coveredconditionals="0" methods="5" coveredmethods="1"/>
        <file name="browser-mocks.js" path="D:\react-training\react-workshop\test-config\browser-mocks.js">
          <metrics statements="7" coveredstatements="4" conditionals="2" coveredconditionals="0" methods="4" coveredmethods="1"/>
          <line num="2" count="2" type="stmt"/>
          <line num="3" count="2" type="stmt"/>
          <line num="5" count="2" type="stmt"/>
          <line num="7" count="0" type="cond" truecount="0" falsecount="2"/>
          <line num="10" count="0" type="stmt"/>
          <line num="13" count="0" type="stmt"/>
          <line num="19" count="2" type="stmt"/>
        </file>
        <file name="setupTests.js" path="D:\react-training\react-workshop\test-config\setupTests.js">
          <metrics statements="1" coveredstatements="1" conditionals="0" coveredconditionals="0" methods="0" coveredmethods="0"/>
          <line num="7" count="2" type="stmt"/>
        </file>
        <file name="shim.js" path="D:\react-training\react-workshop\test-config\shim.js">
          <metrics statements="2" coveredstatements="1" conditionals="0" coveredconditionals="0" methods="1" coveredmethods="0"/>
          <line num="4" count="2" type="stmt"/>
          <line num="5" count="0" type="stmt"/>
        </file>
      </package>
    </metrics>
  </project>
</coverage>
