{"D:\\react-training\\react-workshop\\src\\app\\cart\\state\\ActionTypes.js": {"path":"D:\\react-training\\react-workshop\\src\\app\\cart\\state\\ActionTypes.js","statementMap":{"0":{"start":{"line":1,"column":32},"end":{"line":1,"column":55}},"1":{"start":{"line":2,"column":37},"end":{"line":2,"column":65}},"2":{"start":{"line":3,"column":36},"end":{"line":3,"column":62}},"3":{"start":{"line":4,"column":26},"end":{"line":4,"column":43}},"4":{"start":{"line":6,"column":29},"end":{"line":6,"column":52}},"5":{"start":{"line":7,"column":28},"end":{"line":7,"column":50}}},"fnMap":{},"branchMap":{},"s":{"0":1,"1":1,"2":1,"3":1,"4":1,"5":1},"f":{},"b":{},"_coverageSchema":"332fd63041d2c1bcb487cc26dd0d5f7d97098a6c","hash":"13ba043accbad92ff742ae505c6437878ff25639"}
,"D:\\react-training\\react-workshop\\src\\app\\cart\\state\\reducers\\cartReducer.js": {"path":"D:\\react-training\\react-workshop\\src\\app\\cart\\state\\reducers\\cartReducer.js","statementMap":{"0":{"start":{"line":5,"column":4},"end":{"line":27,"column":5}},"1":{"start":{"line":7,"column":12},"end":{"line":7,"column":51}},"2":{"start":{"line":10,"column":12},"end":{"line":10,"column":21}},"3":{"start":{"line":13,"column":12},"end":{"line":13,"column":69}},"4":{"start":{"line":13,"column":40},"end":{"line":13,"column":68}},"5":{"start":{"line":16,"column":12},"end":{"line":21,"column":14}},"6":{"start":{"line":17,"column":16},"end":{"line":18,"column":32}},"7":{"start":{"line":18,"column":20},"end":{"line":18,"column":32}},"8":{"start":{"line":20,"column":16},"end":{"line":20,"column":74}},"9":{"start":{"line":26,"column":12},"end":{"line":26,"column":25}}},"fnMap":{"0":{"name":"cartReducer","decl":{"start":{"line":4,"column":24},"end":{"line":4,"column":35}},"loc":{"start":{"line":4,"column":55},"end":{"line":28,"column":1}},"line":4},"1":{"name":"(anonymous_1)","decl":{"start":{"line":13,"column":32},"end":{"line":13,"column":33}},"loc":{"start":{"line":13,"column":40},"end":{"line":13,"column":68}},"line":13},"2":{"name":"(anonymous_2)","decl":{"start":{"line":16,"column":30},"end":{"line":16,"column":31}},"loc":{"start":{"line":16,"column":38},"end":{"line":21,"column":13}},"line":16}},"branchMap":{"0":{"loc":{"start":{"line":4,"column":36},"end":{"line":4,"column":46}},"type":"default-arg","locations":[{"start":{"line":4,"column":44},"end":{"line":4,"column":46}}],"line":4},"1":{"loc":{"start":{"line":5,"column":4},"end":{"line":27,"column":5}},"type":"switch","locations":[{"start":{"line":6,"column":8},"end":{"line":7,"column":51}},{"start":{"line":9,"column":8},"end":{"line":10,"column":21}},{"start":{"line":12,"column":8},"end":{"line":13,"column":69}},{"start":{"line":15,"column":8},"end":{"line":22,"column":9}},{"start":{"line":25,"column":8},"end":{"line":26,"column":25}}],"line":5},"2":{"loc":{"start":{"line":17,"column":16},"end":{"line":18,"column":32}},"type":"if","locations":[{"start":{"line":17,"column":16},"end":{"line":18,"column":32}},{"start":{"line":17,"column":16},"end":{"line":18,"column":32}}],"line":17}},"s":{"0":2,"1":0,"2":0,"3":0,"4":0,"5":0,"6":0,"7":0,"8":0,"9":2},"f":{"0":2,"1":0,"2":0},"b":{"0":[1],"1":[0,0,0,0,2],"2":[0,0]},"_coverageSchema":"332fd63041d2c1bcb487cc26dd0d5f7d97098a6c","hash":"4bfffb1adb839fd18f98eaa3f76464d363ef0e6c"}
,"D:\\react-training\\react-workshop\\src\\app\\components\\About.js": {"path":"D:\\react-training\\react-workshop\\src\\app\\components\\About.js","statementMap":{"0":{"start":{"line":7,"column":8},"end":{"line":7,"column":21}},"1":{"start":{"line":9,"column":8},"end":{"line":13,"column":9}},"2":{"start":{"line":16,"column":14},"end":{"line":16,"column":32}},"3":{"start":{"line":18,"column":4},"end":{"line":20,"column":7}},"4":{"start":{"line":19,"column":8},"end":{"line":19,"column":38}},"5":{"start":{"line":30,"column":4},"end":{"line":32,"column":6}},"6":{"start":{"line":35,"column":8},"end":{"line":56,"column":9}},"7":{"start":{"line":38,"column":33},"end":{"line":38,"column":44}},"8":{"start":{"line":49,"column":28},"end":{"line":49,"column":57}},"9":{"start":{"line":61,"column":0},"end":{"line":63,"column":1}},"10":{"start":{"line":65,"column":0},"end":{"line":67,"column":1}}},"fnMap":{"0":{"name":"(anonymous_0)","decl":{"start":{"line":6,"column":4},"end":{"line":6,"column":5}},"loc":{"start":{"line":6,"column":23},"end":{"line":14,"column":5}},"line":6},"1":{"name":"(anonymous_1)","decl":{"start":{"line":15,"column":3},"end":{"line":15,"column":4}},"loc":{"start":{"line":15,"column":10},"end":{"line":23,"column":4}},"line":15},"2":{"name":"(anonymous_2)","decl":{"start":{"line":18,"column":47},"end":{"line":18,"column":48}},"loc":{"start":{"line":18,"column":51},"end":{"line":20,"column":5}},"line":18},"3":{"name":"(anonymous_3)","decl":{"start":{"line":25,"column":3},"end":{"line":25,"column":4}},"loc":{"start":{"line":25,"column":13},"end":{"line":27,"column":4}},"line":25},"4":{"name":"(anonymous_4)","decl":{"start":{"line":29,"column":3},"end":{"line":29,"column":4}},"loc":{"start":{"line":29,"column":14},"end":{"line":33,"column":4}},"line":29},"5":{"name":"(anonymous_5)","decl":{"start":{"line":34,"column":4},"end":{"line":34,"column":5}},"loc":{"start":{"line":34,"column":13},"end":{"line":57,"column":5}},"line":34},"6":{"name":"(anonymous_6)","decl":{"start":{"line":38,"column":29},"end":{"line":38,"column":30}},"loc":{"start":{"line":38,"column":33},"end":{"line":38,"column":44}},"line":38},"7":{"name":"(anonymous_7)","decl":{"start":{"line":48,"column":24},"end":{"line":48,"column":25}},"loc":{"start":{"line":49,"column":28},"end":{"line":49,"column":57}},"line":49}},"branchMap":{"0":{"loc":{"start":{"line":44,"column":16},"end":{"line":53,"column":17}},"type":"binary-expr","locations":[{"start":{"line":44,"column":16},"end":{"line":44,"column":35}},{"start":{"line":45,"column":12},"end":{"line":53,"column":17}}],"line":44}},"s":{"0":3,"1":3,"2":0,"3":0,"4":0,"5":1,"6":4,"7":0,"8":0,"9":1,"10":1},"f":{"0":3,"1":0,"2":0,"3":1,"4":1,"5":4,"6":0,"7":0},"b":{"0":[4,0]},"_coverageSchema":"332fd63041d2c1bcb487cc26dd0d5f7d97098a6c","hash":"797da2a473985a4bae73a005d15c9203603c05fa"}
,"D:\\react-training\\react-workshop\\test-config\\browser-mocks.js": {"path":"D:\\react-training\\react-workshop\\test-config\\browser-mocks.js","statementMap":{"0":{"start":{"line":2,"column":23},"end":{"line":17,"column":4}},"1":{"start":{"line":3,"column":16},"end":{"line":3,"column":18}},"2":{"start":{"line":5,"column":4},"end":{"line":15,"column":6}},"3":{"start":{"line":7,"column":12},"end":{"line":7,"column":38}},"4":{"start":{"line":10,"column":12},"end":{"line":10,"column":42}},"5":{"start":{"line":13,"column":12},"end":{"line":13,"column":23}},"6":{"start":{"line":19,"column":0},"end":{"line":21,"column":3}}},"fnMap":{"0":{"name":"(anonymous_0)","decl":{"start":{"line":2,"column":24},"end":{"line":2,"column":25}},"loc":{"start":{"line":2,"column":35},"end":{"line":17,"column":1}},"line":2},"1":{"name":"(anonymous_1)","decl":{"start":{"line":6,"column":17},"end":{"line":6,"column":18}},"loc":{"start":{"line":6,"column":31},"end":{"line":8,"column":9}},"line":6},"2":{"name":"(anonymous_2)","decl":{"start":{"line":9,"column":17},"end":{"line":9,"column":18}},"loc":{"start":{"line":9,"column":38},"end":{"line":11,"column":9}},"line":9},"3":{"name":"(anonymous_3)","decl":{"start":{"line":12,"column":15},"end":{"line":12,"column":16}},"loc":{"start":{"line":12,"column":26},"end":{"line":14,"column":9}},"line":12}},"branchMap":{"0":{"loc":{"start":{"line":7,"column":19},"end":{"line":7,"column":37}},"type":"binary-expr","locations":[{"start":{"line":7,"column":19},"end":{"line":7,"column":29}},{"start":{"line":7,"column":33},"end":{"line":7,"column":37}}],"line":7}},"s":{"0":2,"1":2,"2":2,"3":0,"4":0,"5":0,"6":2},"f":{"0":2,"1":0,"2":0,"3":0},"b":{"0":[0,0]},"_coverageSchema":"332fd63041d2c1bcb487cc26dd0d5f7d97098a6c","hash":"46140c68690b0e2a7c59db0ebdd2dbca401f75ec"}
,"D:\\react-training\\react-workshop\\test-config\\setupTests.js": {"path":"D:\\react-training\\react-workshop\\test-config\\setupTests.js","statementMap":{"0":{"start":{"line":7,"column":0},"end":{"line":7,"column":38}}},"fnMap":{},"branchMap":{},"s":{"0":2},"f":{},"b":{},"_coverageSchema":"332fd63041d2c1bcb487cc26dd0d5f7d97098a6c","hash":"dc9439cefa3cc2d4e0401f38bb46229a556156b5"}
,"D:\\react-training\\react-workshop\\test-config\\shim.js": {"path":"D:\\react-training\\react-workshop\\test-config\\shim.js","statementMap":{"0":{"start":{"line":4,"column":12},"end":{"line":6,"column":1}},"1":{"start":{"line":5,"column":4},"end":{"line":5,"column":21}}},"fnMap":{"0":{"name":"(anonymous_0)","decl":{"start":{"line":4,"column":43},"end":{"line":4,"column":44}},"loc":{"start":{"line":4,"column":51},"end":{"line":6,"column":1}},"line":4}},"branchMap":{},"s":{"0":2,"1":0},"f":{"0":0},"b":{},"_coverageSchema":"332fd63041d2c1bcb487cc26dd0d5f7d97098a6c","hash":"1d29839865f78a55ea33a9ebcde8a6b51848266d"}
}
