TN:
SF:D:\react-training\react-workshop\src\app\cart\state\ActionTypes.js
FNF:0
FNH:0
DA:1,1
DA:2,1
DA:3,1
DA:4,1
DA:6,1
DA:7,1
LF:6
LH:6
BRF:0
BRH:0
end_of_record
TN:
SF:D:\react-training\react-workshop\src\app\cart\state\reducers\cartReducer.js
FN:4,cartReducer
FN:13,(anonymous_1)
FN:16,(anonymous_2)
FNF:3
FNH:1
FNDA:2,cartReducer
FNDA:0,(anonymous_1)
FNDA:0,(anonymous_2)
DA:5,2
DA:7,0
DA:10,0
DA:13,0
DA:16,0
DA:17,0
DA:18,0
DA:20,0
DA:26,2
LF:9
LH:2
BRDA:4,0,0,1
BRDA:5,1,0,0
BRDA:5,1,1,0
BRDA:5,1,2,0
BRDA:5,1,3,0
BRDA:5,1,4,2
BRDA:17,2,0,0
BRDA:17,2,1,0
BRF:8
BRH:2
end_of_record
TN:
SF:D:\react-training\react-workshop\src\app\components\About.js
FN:6,(anonymous_0)
FN:15,(anonymous_1)
FN:18,(anonymous_2)
FN:25,(anonymous_3)
FN:29,(anonymous_4)
FN:34,(anonymous_5)
FN:38,(anonymous_6)
FN:48,(anonymous_7)
FNF:8
FNH:4
FNDA:3,(anonymous_0)
FNDA:0,(anonymous_1)
FNDA:0,(anonymous_2)
FNDA:1,(anonymous_3)
FNDA:1,(anonymous_4)
FNDA:4,(anonymous_5)
FNDA:0,(anonymous_6)
FNDA:0,(anonymous_7)
DA:7,3
DA:9,3
DA:16,0
DA:18,0
DA:19,0
DA:30,1
DA:35,4
DA:38,0
DA:49,0
DA:61,1
DA:65,1
LF:11
LH:6
BRDA:44,0,0,4
BRDA:44,0,1,0
BRF:2
BRH:1
end_of_record
TN:
SF:D:\react-training\react-workshop\test-config\browser-mocks.js
FN:2,(anonymous_0)
FN:6,(anonymous_1)
FN:9,(anonymous_2)
FN:12,(anonymous_3)
FNF:4
FNH:1
FNDA:2,(anonymous_0)
FNDA:0,(anonymous_1)
FNDA:0,(anonymous_2)
FNDA:0,(anonymous_3)
DA:2,2
DA:3,2
DA:5,2
DA:7,0
DA:10,0
DA:13,0
DA:19,2
LF:7
LH:4
BRDA:7,0,0,0
BRDA:7,0,1,0
BRF:2
BRH:0
end_of_record
TN:
SF:D:\react-training\react-workshop\test-config\setupTests.js
FNF:0
FNH:0
DA:7,2
LF:1
LH:1
BRF:0
BRH:0
end_of_record
TN:
SF:D:\react-training\react-workshop\test-config\shim.js
FN:4,(anonymous_0)
FNF:1
FNH:0
FNDA:0,(anonymous_0)
DA:4,2
DA:5,0
LF:2
LH:1
BRF:0
BRH:0
end_of_record
